# JRE version: Java(TM) SE Runtime Environment (8.0_25-b17) (build 1.8.0_25-b17)
# Java VM: Java HotSpot(TM) 64-Bit Server VM (25.25-b02 mixed mode bsd-amd64 compressed oops)
Heap:
 PSYoungGen      total 738816K, used 359386K [0x000000078ab00000, 0x00000007bfc80000, 0x00000007c0000000)
  eden space 620544K, 57% used [0x000000078ab00000,0x00000007a08ef550,0x00000007b0900000)
  from space 118272K, 0% used [0x00000007b0900000,0x00000007b0a075a8,0x00000007b7c80000)
  to   space 118784K, 0% used [0x00000007b8880000,0x00000007b8880000,0x00000007bfc80000)
 ParOldGen       total 489472K, used 312555K [0x0000000720000000, 0x000000073de00000, 0x000000078ab00000)
  object space 489472K, 63% used [0x0000000720000000,0x000000073313af88,0x000000073de00000)
 Metaspace       used 93292K, capacity 97226K, committed 97240K, reserved 1134592K
  class space    used 11573K, capacity 12279K, committed 12288K, reserved 1048576K
GC Heap History (10 events):
Event: 116.020 GC heap before
{Heap before GC invocations=19 (full 4):
 PSYoungGen      total 710656K, used 628736K [0x000000078ab00000, 0x00000007c0000000, 0x00000007c0000000)
  eden space 628736K, 100% used [0x000000078ab00000,0x00000007b1100000,0x00000007b1100000)
  from space 81920K, 0% used [0x00000007bb000000,0x00000007bb000000,0x00000007c0000000)
  to   space 122368K, 0% used [0x00000007b1100000,0x00000007b1100000,0x00000007b8880000)
 ParOldGen       total 489472K, used 230514K [0x0000000720000000, 0x000000073de00000, 0x000000078ab00000)
  object space 489472K, 47% used [0x0000000720000000,0x000000072e11c948,0x000000073de00000)
 Metaspace       used 81024K, capacity 83874K, committed 84824K, reserved 1124352K
  class space    used 9930K, capacity 10480K, committed 10624K, reserved 1048576K
Event: 116.127 GC heap after
Heap after GC invocations=19 (full 4):
 PSYoungGen      total 721408K, used 92316K [0x000000078ab00000, 0x00000007c0000000, 0x00000007c0000000)
  eden space 628736K, 0% used [0x000000078ab00000,0x000000078ab00000,0x00000007b1100000)
  from space 92672K, 99% used [0x00000007b1100000,0x00000007b6b273f8,0x00000007b6b80000)
  to   space 131584K, 0% used [0x00000007b7f80000,0x00000007b7f80000,0x00000007c0000000)
 ParOldGen       total 489472K, used 230522K [0x0000000720000000, 0x000000073de00000, 0x000000078ab00000)
  object space 489472K, 47% used [0x0000000720000000,0x000000072e11e948,0x000000073de00000)
 Metaspace       used 81024K, capacity 83874K, committed 84824K, reserved 1124352K
  class space    used 9930K, capacity 10480K, committed 10624K, reserved 1048576K
}
Event: 118.566 GC heap before
{Heap before GC invocations=20 (full 4):
 PSYoungGen      total 721408K, used 721052K [0x000000078ab00000, 0x00000007c0000000, 0x00000007c0000000)
  eden space 628736K, 100% used [0x000000078ab00000,0x00000007b1100000,0x00000007b1100000)
  from space 92672K, 99% used [0x00000007b1100000,0x00000007b6b273f8,0x00000007b6b80000)
  to   space 131584K, 0% used [0x00000007b7f80000,0x00000007b7f80000,0x00000007c0000000)
 ParOldGen       total 489472K, used 230522K [0x0000000720000000, 0x000000073de00000, 0x000000078ab00000)
  object space 489472K, 47% used [0x0000000720000000,0x000000072e11e948,0x000000073de00000)
 Metaspace       used 81276K, capacity 84194K, committed 84824K, reserved 1124352K
  class space    used 9932K, capacity 10480K, committed 10624K, reserved 1048576K
Event: 118.724 GC heap after
Heap after GC invocations=20 (full 4):
 PSYoungGen      total 747520K, used 39500K [0x000000078ab00000, 0x00000007c0000000, 0x00000007c0000000)
  eden space 615936K, 0% used [0x000000078ab00000,0x000000078ab00000,0x00000007b0480000)
  from space 131584K, 30% used [0x00000007b7f80000,0x00000007ba613258,0x00000007c0000000)
  to   space 125952K, 0% used [0x00000007b0480000,0x00000007b0480000,0x00000007b7f80000)
 ParOldGen       total 489472K, used 280761K [0x0000000720000000, 0x000000073de00000, 0x000000078ab00000)
  object space 489472K, 57% used [0x0000000720000000,0x000000073122e6a8,0x000000073de00000)
 Metaspace       used 81276K, capacity 84194K, committed 84824K, reserved 1124352K
  class space    used 9932K, capacity 10480K, committed 10624K, reserved 1048576K
}
Event: 127.121 GC heap before
{Heap before GC invocations=21 (full 4):
 PSYoungGen      total 747520K, used 653749K [0x000000078ab00000, 0x00000007c0000000, 0x00000007c0000000)
  eden space 615936K, 99% used [0x000000078ab00000,0x00000007b02da1d0,0x00000007b0480000)
  from space 131584K, 30% used [0x00000007b7f80000,0x00000007ba613258,0x00000007c0000000)
  to   space 125952K, 0% used [0x00000007b0480000,0x00000007b0480000,0x00000007b7f80000)
 ParOldGen       total 489472K, used 280761K [0x0000000720000000, 0x000000073de00000, 0x000000078ab00000)
  object space 489472K, 57% used [0x0000000720000000,0x000000073122e6a8,0x000000073de00000)
 Metaspace       used 82851K, capacity 85870K, committed 85976K, reserved 1124352K
  class space    used 10168K, capacity 10730K, committed 10752K, reserved 1048576K
Event: 127.214 GC heap after
Heap after GC invocations=21 (full 4):
 PSYoungGen      total 640512K, used 24297K [0x000000078ab00000, 0x00000007bf480000, 0x00000007c0000000)
  eden space 615936K, 0% used [0x000000078ab00000,0x000000078ab00000,0x00000007b0480000)
  from space 24576K, 98% used [0x00000007b0480000,0x00000007b1c3a620,0x00000007b1c80000)
  to   space 122880K, 0% used [0x00000007b7c80000,0x00000007b7c80000,0x00000007bf480000)
 ParOldGen       total 489472K, used 304020K [0x0000000720000000, 0x000000073de00000, 0x000000078ab00000)
  object space 489472K, 62% used [0x0000000720000000,0x00000007328e5290,0x000000073de00000)
 Metaspace       used 82851K, capacity 85870K, committed 85976K, reserved 1124352K
  class space    used 10168K, capacity 10730K, committed 10752K, reserved 1048576K
}
Event: 127.761 GC heap before
{Heap before GC invocations=22 (full 4):
 PSYoungGen      total 640512K, used 640208K [0x000000078ab00000, 0x00000007bf480000, 0x00000007c0000000)
  eden space 615936K, 99% used [0x000000078ab00000,0x00000007b0479d30,0x00000007b0480000)
  from space 24576K, 98% used [0x00000007b0480000,0x00000007b1c3a620,0x00000007b1c80000)
  to   space 122880K, 0% used [0x00000007b7c80000,0x00000007b7c80000,0x00000007bf480000)
 ParOldGen       total 489472K, used 304020K [0x0000000720000000, 0x000000073de00000, 0x000000078ab00000)
  object space 489472K, 62% used [0x0000000720000000,0x00000007328e5290,0x000000073de00000)
 Metaspace       used 82900K, capacity 85952K, committed 85976K, reserved 1124352K
  class space    used 10176K, capacity 10737K, committed 10752K, reserved 1048576K
Event: 127.798 GC heap after
Heap after GC invocations=22 (full 4):
 PSYoungGen      total 743424K, used 29845K [0x000000078ab00000, 0x00000007c0000000, 0x00000007c0000000)
  eden space 620544K, 0% used [0x000000078ab00000,0x000000078ab00000,0x00000007b0900000)
  from space 122880K, 24% used [0x00000007b7c80000,0x00000007b99a5758,0x00000007bf480000)
  to   space 118272K, 0% used [0x00000007b0900000,0x00000007b0900000,0x00000007b7c80000)
 ParOldGen       total 489472K, used 312395K [0x0000000720000000, 0x000000073de00000, 0x000000078ab00000)
  object space 489472K, 63% used [0x0000000720000000,0x0000000733112f88,0x000000073de00000)
 Metaspace       used 82900K, capacity 85952K, committed 85976K, reserved 1124352K
  class space    used 10176K, capacity 10737K, committed 10752K, reserved 1048576K
}
Event: 128.382 GC heap before
{Heap before GC invocations=23 (full 4):
 PSYoungGen      total 743424K, used 650389K [0x000000078ab00000, 0x00000007c0000000, 0x00000007c0000000)
  eden space 620544K, 100% used [0x000000078ab00000,0x00000007b0900000,0x00000007b0900000)
  from space 122880K, 24% used [0x00000007b7c80000,0x00000007b99a5758,0x00000007bf480000)
  to   space 118272K, 0% used [0x00000007b0900000,0x00000007b0900000,0x00000007b7c80000)
 ParOldGen       total 489472K, used 312395K [0x0000000720000000, 0x000000073de00000, 0x000000078ab00000)
  object space 489472K, 63% used [0x0000000720000000,0x0000000733112f88,0x000000073de00000)
 Metaspace       used 82958K, capacity 86020K, committed 86360K, reserved 1124352K
  class space    used 10190K, capacity 10779K, committed 10880K, reserved 1048576K
Event: 128.394 GC heap after
Heap after GC invocations=23 (full 4):
 PSYoungGen      total 738816K, used 1053K [0x000000078ab00000, 0x00000007bfc80000, 0x00000007c0000000)
  eden space 620544K, 0% used [0x000000078ab00000,0x000000078ab00000,0x00000007b0900000)
  from space 118272K, 0% used [0x00000007b0900000,0x00000007b0a075a8,0x00000007b7c80000)
  to   space 118784K, 0% used [0x00000007b8880000,0x00000007b8880000,0x00000007bfc80000)
 ParOldGen       total 489472K, used 312555K [0x0000000720000000, 0x000000073de00000, 0x000000078ab00000)
  object space 489472K, 63% used [0x0000000720000000,0x000000073313af88,0x000000073de00000)
 Metaspace       used 82958K, capacity 86020K, committed 86360K, reserved 1124352K
  class space    used 10190K, capacity 10779K, committed 10880K, reserved 1048576K
}

